2018-05-27 14:19:25,827 INFO 钓螃玩家人数为: (10) send_cards.py[line:28] <module> 
2018-05-27 14:19:25,827 INFO 发牌总数为: (20) send_cards.py[line:31] <module> 
2018-05-27 14:19:25,828 INFO 发牌的牌为: ([('方片', '6'), ('梅花', '8'), ('黑桃', '6'), ('红桃', '2'), ('梅花', '10'), ('梅花', '7'), ('方片', 'Q'), ('黑桃', '8'), ('红桃', '4'), ('黑桃', '3'), ('黑桃', '7'), ('梅花', '6'), ('方片', '4'), ('红桃', '8'), ('方片', 'J'), ('方片', '2'), ('方片', '10'), ('黑桃', '10'), ('方片', '8'), ('红桃', 'J')]) send_cards.py[line:34] <module> 
2018-05-27 14:19:25,829 INFO 循环中i的值为: (0) send_cards.py[line:37] <module> 
2018-05-27 14:19:25,830 INFO 第1个玩家拿的牌为: ([('方片', '6'), ('梅花', '8')]) send_cards.py[line:40] <module> 
2018-05-27 14:19:25,830 INFO 循环中i的值为: (2) send_cards.py[line:37] <module> 
2018-05-27 14:19:25,830 INFO 第2个玩家拿的牌为: ([('黑桃', '6'), ('红桃', '2')]) send_cards.py[line:40] <module> 
2018-05-27 14:19:25,830 INFO 循环中i的值为: (4) send_cards.py[line:37] <module> 
2018-05-27 14:19:25,830 INFO 第3个玩家拿的牌为: ([('梅花', '10'), ('梅花', '7')]) send_cards.py[line:40] <module> 
2018-05-27 14:19:25,830 INFO 循环中i的值为: (6) send_cards.py[line:37] <module> 
2018-05-27 14:19:25,830 INFO 第4个玩家拿的牌为: ([('方片', 'Q'), ('黑桃', '8')]) send_cards.py[line:40] <module> 
2018-05-27 14:19:25,830 INFO 循环中i的值为: (8) send_cards.py[line:37] <module> 
2018-05-27 14:19:25,830 INFO 第5个玩家拿的牌为: ([('红桃', '4'), ('黑桃', '3')]) send_cards.py[line:40] <module> 
2018-05-27 14:19:25,830 INFO 循环中i的值为: (10) send_cards.py[line:37] <module> 
2018-05-27 14:19:25,831 INFO 第6个玩家拿的牌为: ([('黑桃', '7'), ('梅花', '6')]) send_cards.py[line:40] <module> 
2018-05-27 14:19:25,831 INFO 循环中i的值为: (12) send_cards.py[line:37] <module> 
2018-05-27 14:19:25,831 INFO 第7个玩家拿的牌为: ([('方片', '4'), ('红桃', '8')]) send_cards.py[line:40] <module> 
2018-05-27 14:19:25,831 INFO 循环中i的值为: (14) send_cards.py[line:37] <module> 
2018-05-27 14:19:25,831 INFO 第8个玩家拿的牌为: ([('方片', 'J'), ('方片', '2')]) send_cards.py[line:40] <module> 
2018-05-27 14:19:25,831 INFO 循环中i的值为: (16) send_cards.py[line:37] <module> 
2018-05-27 14:19:25,831 INFO 第9个玩家拿的牌为: ([('方片', '10'), ('黑桃', '10')]) send_cards.py[line:40] <module> 
2018-05-27 14:19:25,831 INFO 循环中i的值为: (18) send_cards.py[line:37] <module> 
2018-05-27 14:19:25,831 INFO 第10个玩家拿的牌为: ([('方片', '8'), ('红桃', 'J')]) send_cards.py[line:40] <module> 
