2018-05-27 23:20:47,311 INFO 钓螃玩家人数为: (16) send_cards.py[line:33] send_cards 
2018-05-27 23:20:47,313 INFO 发牌总数为: (32) send_cards.py[line:36] send_cards 
2018-05-27 23:20:47,314 INFO 发牌的牌为: ([('黑桃', '7'), ('黑桃', '3'), ('方片', '10'), ('黑桃', '10'), ('红桃', '8'), ('方片', '6'), ('黑桃', '8'), ('梅花', '4'), ('梅花', '8'), ('红桃', '4'), ('方片', '5'), ('方片', 'J'), ('方片', '2'), ('红桃', 'J'), ('红桃', '5'), ('方片', '8'), ('梅花', '7'), ('红桃', '7'), ('红桃', '9'), ('方片', '7'), ('方片', '4'), ('正司令', '大王'), ('梅花', '6'), ('黑桃', '6'), ('红桃', '6'), ('梅花', '10'), ('红桃', '2'), ('方片', '9'), ('黑桃', '4'), ('方片', 'Q'), ('红桃', '10'), ('红桃', 'Q')]) send_cards.py[line:39] send_cards 
2018-05-27 23:20:47,327 INFO 循环中i的值为: (0) send_cards.py[line:42] send_cards 
2018-05-27 23:20:47,327 INFO 第1个玩家拿的牌为: ([('黑桃', '7'), ('黑桃', '3')]) send_cards.py[line:45] send_cards 
2018-05-27 23:20:47,327 INFO 循环中i的值为: (2) send_cards.py[line:42] send_cards 
2018-05-27 23:20:47,327 INFO 第2个玩家拿的牌为: ([('方片', '10'), ('黑桃', '10')]) send_cards.py[line:45] send_cards 
2018-05-27 23:20:47,327 INFO 循环中i的值为: (4) send_cards.py[line:42] send_cards 
2018-05-27 23:20:47,327 INFO 第3个玩家拿的牌为: ([('红桃', '8'), ('方片', '6')]) send_cards.py[line:45] send_cards 
2018-05-27 23:20:47,327 INFO 循环中i的值为: (6) send_cards.py[line:42] send_cards 
2018-05-27 23:20:47,327 INFO 第4个玩家拿的牌为: ([('黑桃', '8'), ('梅花', '4')]) send_cards.py[line:45] send_cards 
2018-05-27 23:20:47,327 INFO 循环中i的值为: (8) send_cards.py[line:42] send_cards 
2018-05-27 23:20:47,327 INFO 第5个玩家拿的牌为: ([('梅花', '8'), ('红桃', '4')]) send_cards.py[line:45] send_cards 
2018-05-27 23:20:47,327 INFO 循环中i的值为: (10) send_cards.py[line:42] send_cards 
2018-05-27 23:20:47,328 INFO 第6个玩家拿的牌为: ([('方片', '5'), ('方片', 'J')]) send_cards.py[line:45] send_cards 
2018-05-27 23:20:47,328 INFO 循环中i的值为: (12) send_cards.py[line:42] send_cards 
2018-05-27 23:20:47,328 INFO 第7个玩家拿的牌为: ([('方片', '2'), ('红桃', 'J')]) send_cards.py[line:45] send_cards 
2018-05-27 23:20:47,328 INFO 循环中i的值为: (14) send_cards.py[line:42] send_cards 
2018-05-27 23:20:47,328 INFO 第8个玩家拿的牌为: ([('红桃', '5'), ('方片', '8')]) send_cards.py[line:45] send_cards 
2018-05-27 23:20:47,328 INFO 循环中i的值为: (16) send_cards.py[line:42] send_cards 
2018-05-27 23:20:47,328 INFO 第9个玩家拿的牌为: ([('梅花', '7'), ('红桃', '7')]) send_cards.py[line:45] send_cards 
2018-05-27 23:20:47,328 INFO 循环中i的值为: (18) send_cards.py[line:42] send_cards 
2018-05-27 23:20:47,328 INFO 第10个玩家拿的牌为: ([('红桃', '9'), ('方片', '7')]) send_cards.py[line:45] send_cards 
2018-05-27 23:20:47,328 INFO 循环中i的值为: (20) send_cards.py[line:42] send_cards 
2018-05-27 23:20:47,328 INFO 第11个玩家拿的牌为: ([('方片', '4'), ('正司令', '大王')]) send_cards.py[line:45] send_cards 
2018-05-27 23:20:47,328 INFO 循环中i的值为: (22) send_cards.py[line:42] send_cards 
2018-05-27 23:20:47,329 INFO 第12个玩家拿的牌为: ([('梅花', '6'), ('黑桃', '6')]) send_cards.py[line:45] send_cards 
2018-05-27 23:20:47,329 INFO 循环中i的值为: (24) send_cards.py[line:42] send_cards 
2018-05-27 23:20:47,329 INFO 第13个玩家拿的牌为: ([('红桃', '6'), ('梅花', '10')]) send_cards.py[line:45] send_cards 
2018-05-27 23:20:47,329 INFO 循环中i的值为: (26) send_cards.py[line:42] send_cards 
2018-05-27 23:20:47,329 INFO 第14个玩家拿的牌为: ([('红桃', '2'), ('方片', '9')]) send_cards.py[line:45] send_cards 
2018-05-27 23:20:47,329 INFO 循环中i的值为: (28) send_cards.py[line:42] send_cards 
2018-05-27 23:20:47,329 INFO 第15个玩家拿的牌为: ([('黑桃', '4'), ('方片', 'Q')]) send_cards.py[line:45] send_cards 
2018-05-27 23:20:47,329 INFO 循环中i的值为: (30) send_cards.py[line:42] send_cards 
2018-05-27 23:20:47,329 INFO 第16个玩家拿的牌为: ([('红桃', '10'), ('红桃', 'Q')]) send_cards.py[line:45] send_cards 
