2018-06-03 22:33:07,743 INFO 钓螃玩家人数为: (16) send_cards.py[line:34] send_cards 
2018-06-03 22:33:07,743 INFO 发牌总数为: (32) send_cards.py[line:37] send_cards 
2018-06-03 22:33:07,744 INFO 发牌的牌为: ([('方片', '5'), ('红桃', '10'), ('方片', 'Q'), ('方片', '7'), ('梅花', '4'), ('红桃', '2'), ('正司令', '大王'), ('梅花', '8'), ('黑桃', '7'), ('红桃', '9'), ('梅花', '10'), ('红桃', 'Q'), ('方片', '9'), ('梅花', '7'), ('黑桃', '3'), ('梅花', '6'), ('黑桃', '8'), ('黑桃', '6'), ('方片', '8'), ('方片', '6'), ('方片', '2'), ('红桃', '5'), ('黑桃', '10'), ('黑桃', '4'), ('方片', '10'), ('红桃', '6'), ('红桃', '8'), ('红桃', 'J'), ('方片', '4'), ('红桃', '4'), ('方片', 'J'), ('红桃', '7')]) send_cards.py[line:40] send_cards 
2018-06-03 22:33:07,746 INFO 循环中i的值为: (0) send_cards.py[line:43] send_cards 
2018-06-03 22:33:07,747 INFO 牌型杂牌算点数, 排位点数为为5 fish_crab_rule.py[line:91] judging_card 
2018-06-03 22:33:07,747 INFO 第1个玩家拿的牌为: ([1, ('方片', '5'), ('红桃', '10'), '杂牌算点数', 5]) send_cards.py[line:47] send_cards 
2018-06-03 22:33:07,747 INFO 循环中i的值为: (2) send_cards.py[line:43] send_cards 
2018-06-03 22:33:07,747 INFO 牌型杂牌算点数, 排位点数为为9 fish_crab_rule.py[line:91] judging_card 
2018-06-03 22:33:07,747 INFO 第2个玩家拿的牌为: ([2, ('方片', 'Q'), ('方片', '7'), '杂牌算点数', 9]) send_cards.py[line:47] send_cards 
2018-06-03 22:33:07,747 INFO 循环中i的值为: (4) send_cards.py[line:43] send_cards 
2018-06-03 22:33:07,747 INFO 牌型杂牌算点数, 排位点数为为6 fish_crab_rule.py[line:91] judging_card 
2018-06-03 22:33:07,747 INFO 第3个玩家拿的牌为: ([3, ('梅花', '4'), ('红桃', '2'), '杂牌算点数', 6]) send_cards.py[line:47] send_cards 
2018-06-03 22:33:07,747 INFO 循环中i的值为: (6) send_cards.py[line:43] send_cards 
2018-06-03 22:33:07,747 INFO 牌型杂牌算点数, 排位点数为为4 fish_crab_rule.py[line:91] judging_card 
2018-06-03 22:33:07,747 INFO 第4个玩家拿的牌为: ([4, ('正司令', '大王'), ('梅花', '8'), '杂牌算点数', 4]) send_cards.py[line:47] send_cards 
2018-06-03 22:33:07,748 INFO 循环中i的值为: (8) send_cards.py[line:43] send_cards 
2018-06-03 22:33:07,748 INFO 牌型杂牌算点数, 排位点数为为6 fish_crab_rule.py[line:91] judging_card 
2018-06-03 22:33:07,748 INFO 第5个玩家拿的牌为: ([5, ('黑桃', '7'), ('红桃', '9'), '杂牌算点数', 6]) send_cards.py[line:47] send_cards 
2018-06-03 22:33:07,748 INFO 循环中i的值为: (10) send_cards.py[line:43] send_cards 
2018-06-03 22:33:07,748 INFO 牌型杂牌算点数, 排位点数为为2 fish_crab_rule.py[line:91] judging_card 
2018-06-03 22:33:07,748 INFO 第6个玩家拿的牌为: ([6, ('梅花', '10'), ('红桃', 'Q'), '杂牌算点数', 2]) send_cards.py[line:47] send_cards 
2018-06-03 22:33:07,748 INFO 循环中i的值为: (12) send_cards.py[line:43] send_cards 
2018-06-03 22:33:07,748 INFO 牌型杂牌算点数, 排位点数为为6 fish_crab_rule.py[line:91] judging_card 
2018-06-03 22:33:07,748 INFO 第7个玩家拿的牌为: ([7, ('方片', '9'), ('梅花', '7'), '杂牌算点数', 6]) send_cards.py[line:47] send_cards 
2018-06-03 22:33:07,748 INFO 循环中i的值为: (14) send_cards.py[line:43] send_cards 
2018-06-03 22:33:07,748 INFO 牌型杂牌算点数, 排位点数为为9 fish_crab_rule.py[line:91] judging_card 
2018-06-03 22:33:07,748 INFO 第8个玩家拿的牌为: ([8, ('黑桃', '3'), ('梅花', '6'), '杂牌算点数', 9]) send_cards.py[line:47] send_cards 
2018-06-03 22:33:07,749 INFO 循环中i的值为: (16) send_cards.py[line:43] send_cards 
2018-06-03 22:33:07,749 INFO 牌型杂牌算点数, 排位点数为为4 fish_crab_rule.py[line:91] judging_card 
2018-06-03 22:33:07,749 INFO 第9个玩家拿的牌为: ([9, ('黑桃', '8'), ('黑桃', '6'), '杂牌算点数', 4]) send_cards.py[line:47] send_cards 
2018-06-03 22:33:07,749 INFO 循环中i的值为: (18) send_cards.py[line:43] send_cards 
2018-06-03 22:33:07,749 INFO 牌型杂牌算点数, 排位点数为为4 fish_crab_rule.py[line:91] judging_card 
2018-06-03 22:33:07,749 INFO 第10个玩家拿的牌为: ([10, ('方片', '8'), ('方片', '6'), '杂牌算点数', 4]) send_cards.py[line:47] send_cards 
2018-06-03 22:33:07,749 INFO 循环中i的值为: (20) send_cards.py[line:43] send_cards 
2018-06-03 22:33:07,749 INFO 牌型杂牌算点数, 排位点数为为7 fish_crab_rule.py[line:91] judging_card 
2018-06-03 22:33:07,749 INFO 第11个玩家拿的牌为: ([11, ('方片', '2'), ('红桃', '5'), '杂牌算点数', 7]) send_cards.py[line:47] send_cards 
2018-06-03 22:33:07,749 INFO 循环中i的值为: (22) send_cards.py[line:43] send_cards 
2018-06-03 22:33:07,750 INFO 牌型杂牌算点数, 排位点数为为4 fish_crab_rule.py[line:91] judging_card 
2018-06-03 22:33:07,750 INFO 第12个玩家拿的牌为: ([12, ('黑桃', '10'), ('黑桃', '4'), '杂牌算点数', 4]) send_cards.py[line:47] send_cards 
2018-06-03 22:33:07,750 INFO 循环中i的值为: (24) send_cards.py[line:43] send_cards 
2018-06-03 22:33:07,750 INFO 牌型杂牌算点数, 排位点数为为6 fish_crab_rule.py[line:91] judging_card 
2018-06-03 22:33:07,750 INFO 第13个玩家拿的牌为: ([13, ('方片', '10'), ('红桃', '6'), '杂牌算点数', 6]) send_cards.py[line:47] send_cards 
2018-06-03 22:33:07,750 INFO 循环中i的值为: (26) send_cards.py[line:43] send_cards 
2018-06-03 22:33:07,750 INFO 牌型杂牌算点数, 排位点数为为9 fish_crab_rule.py[line:91] judging_card 
2018-06-03 22:33:07,750 INFO 第14个玩家拿的牌为: ([14, ('红桃', '8'), ('红桃', 'J'), '杂牌算点数', 9]) send_cards.py[line:47] send_cards 
2018-06-03 22:33:07,750 INFO 循环中i的值为: (28) send_cards.py[line:43] send_cards 
2018-06-03 22:33:07,750 INFO 牌型杂牌算点数, 排位点数为为8 fish_crab_rule.py[line:91] judging_card 
2018-06-03 22:33:07,750 INFO 第15个玩家拿的牌为: ([15, ('方片', '4'), ('红桃', '4'), '杂牌算点数', 8]) send_cards.py[line:47] send_cards 
2018-06-03 22:33:07,750 INFO 循环中i的值为: (30) send_cards.py[line:43] send_cards 
2018-06-03 22:33:07,751 INFO 牌型杂牌算点数, 排位点数为为8 fish_crab_rule.py[line:91] judging_card 
2018-06-03 22:33:07,751 INFO 第16个玩家拿的牌为: ([16, ('方片', 'J'), ('红桃', '7'), '杂牌算点数', 8]) send_cards.py[line:47] send_cards 
